app/build/intermediates/manifest_merge_blame_file/debug/manifest-merger-blame-debug-report.txt
1<?xml version="1.0" encoding="utf-8"?>
2<manifest xmlns:android="http://schemas.android.com/apk/res/android"
3    package="com.example.instagramclone"
4    android:versionCode="1"
5    android:versionName="1.0" >
6
7    <uses-sdk
8        android:minSdkVersion="21"
8-->src\main\AndroidManifest.xml
9        android:targetSdkVersion="30" />
9-->src\main\AndroidManifest.xml
10
11    <uses-permission android:name="android.permission.ACCESS_NETWORK_STATE" />
11-->src\main\AndroidManifest.xml:4:5-79
11-->src\main\AndroidManifest.xml:4:22-76
12    <uses-permission android:name="android.permission.INTERNET" />
12-->src\main\AndroidManifest.xml:5:5-67
12-->src\main\AndroidManifest.xml:5:22-64
13
14    <application
14-->src\main\AndroidManifest.xml:9:5-39:19
15        android:name="com.example.instagramclone.ParseApplication"
15-->src\main\AndroidManifest.xml:10:9-41
16        android:allowBackup="true"
16-->src\main\AndroidManifest.xml:11:9-35
17        android:appComponentFactory="androidx.core.app.CoreComponentFactory"
17-->[androidx.core:core:1.3.1] AndroidManifest.xml:24:18-86
18        android:debuggable="true"
19        android:icon="@mipmap/ic_launcher"
19-->src\main\AndroidManifest.xml:12:9-43
20        android:label="@string/app_name"
20-->src\main\AndroidManifest.xml:13:9-41
21        android:roundIcon="@mipmap/ic_launcher_round"
21-->src\main\AndroidManifest.xml:14:9-54
22        android:supportsRtl="true"
22-->src\main\AndroidManifest.xml:15:9-35
23        android:testOnly="true"
24        android:theme="@style/AppTheme" >
24-->src\main\AndroidManifest.xml:16:9-40
25        <provider
25-->src\main\AndroidManifest.xml:18:9-26:20
26            android:name="androidx.core.content.FileProvider"
26-->src\main\AndroidManifest.xml:19:13-62
27            android:authorities="com.codepath.fileprovider"
27-->src\main\AndroidManifest.xml:20:13-60
28            android:exported="false"
28-->src\main\AndroidManifest.xml:21:13-37
29            android:grantUriPermissions="true" >
29-->src\main\AndroidManifest.xml:22:13-47
30            <meta-data
30-->src\main\AndroidManifest.xml:23:13-25:56
31                android:name="android.support.FILE_PROVIDER_PATHS"
31-->src\main\AndroidManifest.xml:24:17-67
32                android:resource="@xml/fileprovider" />
32-->src\main\AndroidManifest.xml:25:17-53
33        </provider>
34
35        <activity android:name="com.example.instagramclone.LoginActivity" >
35-->src\main\AndroidManifest.xml:28:9-34:20
35-->src\main\AndroidManifest.xml:28:19-48
36            <intent-filter>
36-->src\main\AndroidManifest.xml:29:13-33:29
37                <action android:name="android.intent.action.MAIN" />
37-->src\main\AndroidManifest.xml:30:17-69
37-->src\main\AndroidManifest.xml:30:25-66
38
39                <category android:name="android.intent.category.LAUNCHER" />
39-->src\main\AndroidManifest.xml:32:17-77
39-->src\main\AndroidManifest.xml:32:27-74
40            </intent-filter>
41        </activity>
42        <activity android:name="com.example.instagramclone.RegisterActivity" >
42-->src\main\AndroidManifest.xml:35:9-36:16
42-->src\main\AndroidManifest.xml:35:19-51
43        </activity>
44        <activity android:name="com.example.instagramclone.MainActivity" >
44-->src\main\AndroidManifest.xml:37:9-38:20
44-->src\main\AndroidManifest.xml:37:19-47
45        </activity>
46    </application>
47
48</manifest>